org.postgresql.util.PSQLException: Connection to localhost:5430 refused. Check that the hostname and port are correct and that the postmaster is accepting TCP/IP connections.
	at org.postgresql.core.v3.ConnectionFactoryImpl.openConnectionImpl(ConnectionFactoryImpl.java:301)
	at org.postgresql.core.ConnectionFactory.openConnection(ConnectionFactory.java:51)
	at org.postgresql.jdbc.PgConnection.<init>(PgConnection.java:225)
	at org.postgresql.Driver.makeConnection(Driver.java:466)
	at org.postgresql.Driver.connect(Driver.java:265)
	at java.sql/java.sql.DriverManager.getConnection(DriverManager.java:677)
	at java.sql/java.sql.DriverManager.getConnection(DriverManager.java:228)
	at modelo.ConexionBD.conectarBaseDatos(ConexionBD.java:28)
	at receta.ProductoReceta.consultarRecetas(ProductoReceta.java:41)
	at interfaz.ControladorRecetas.actualizarVista(ControladorRecetas.java:52)
	at interfaz.ControladorRecetas.run(ControladorRecetas.java:42)
	at ServidorCentral.main(ServidorCentral.java:41)
Caused by: java.net.ConnectException: Connection refused: connect
	at java.base/java.net.PlainSocketImpl.waitForConnect(Native Method)
	at java.base/java.net.PlainSocketImpl.socketConnect(PlainSocketImpl.java:107)
	at java.base/java.net.AbstractPlainSocketImpl.doConnect(AbstractPlainSocketImpl.java:412)
	at java.base/java.net.AbstractPlainSocketImpl.connectToAddress(AbstractPlainSocketImpl.java:255)
	at java.base/java.net.AbstractPlainSocketImpl.connect(AbstractPlainSocketImpl.java:237)
	at java.base/java.net.SocksSocketImpl.connect(SocksSocketImpl.java:392)
	at java.base/java.net.Socket.connect(Socket.java:609)
	at org.postgresql.core.PGStream.createSocket(PGStream.java:238)
	at org.postgresql.core.PGStream.<init>(PGStream.java:98)
	at org.postgresql.core.v3.ConnectionFactoryImpl.tryConnect(ConnectionFactoryImpl.java:100)
	at org.postgresql.core.v3.ConnectionFactoryImpl.openConnectionImpl(ConnectionFactoryImpl.java:215)
	... 11 more
Exception in thread "main" java.lang.NullPointerException
	at modelo.ManejadorDatos.consultarRecetas(ManejadorDatos.java:637)
	at receta.ProductoReceta.consultarRecetas(ProductoReceta.java:45)
	at interfaz.ControladorRecetas.actualizarVista(ControladorRecetas.java:52)
	at interfaz.ControladorRecetas.run(ControladorRecetas.java:42)
	at ServidorCentral.main(ServidorCentral.java:41)
